<?xml version="1.0" encoding="UTF-8"?>
<!-- Generated by org.testng.reporters.JUnitReportReporter -->
<testsuite skipped="0" hostname="Venkatramanas-MacBook-Air.local" name="bmo.unifiedfwk.Test1" tests="3" failures="0" timestamp="07 Apr 2019 01:25:34 GMT" time="0.076" errors="0">
  <testcase name="login" time="0.025" classname="bmo.unifiedfwk.Test1"/>
  <testcase name="login" time="0.027" classname="bmo.unifiedfwk.Test1"/>
  <testcase name="login" time="0.024" classname="bmo.unifiedfwk.Test1"/>
</testsuite> <!-- bmo.unifiedfwk.Test1 -->
